::1 - - [08/Oct/2020:02:32:05 +0000] "POST /api/users HTTP/1.1" 200 178 "-" "PostmanRuntime/7.26.5"
::1 - - [08/Oct/2020:02:32:20 +0000] "POST /api/users/login HTTP/1.1" 200 172 "-" "PostmanRuntime/7.26.5"
::1 - - [08/Oct/2020:02:32:57 +0000] "POST /api/tweets HTTP/1.1" 500 1522 "-" "PostmanRuntime/7.26.5"
::1 - - [08/Oct/2020:02:37:29 +0000] "POST /api/users HTTP/1.1" 200 178 "-" "PostmanRuntime/7.26.5"
::1 - - [08/Oct/2020:02:37:34 +0000] "POST /api/users/login HTTP/1.1" 200 172 "-" "PostmanRuntime/7.26.5"
::1 - - [08/Oct/2020:02:37:48 +0000] "POST /api/tweets HTTP/1.1" 500 1522 "-" "PostmanRuntime/7.26.5"
::1 - - [08/Oct/2020:02:38:13 +0000] "POST /api/users HTTP/1.1" 200 178 "-" "PostmanRuntime/7.26.5"
::1 - - [08/Oct/2020:02:38:17 +0000] "POST /api/users/login HTTP/1.1" 200 172 "-" "PostmanRuntime/7.26.5"
::1 - - [08/Oct/2020:02:38:30 +0000] "POST /api/tweets HTTP/1.1" 200 115 "-" "PostmanRuntime/7.26.5"
::1 - - [08/Oct/2020:02:40:28 +0000] "PUT /api/users/jefry02 HTTP/1.1" 200 121 "-" "PostmanRuntime/7.26.5"
::1 - - [08/Oct/2020:02:53:05 +0000] "POST /api/users HTTP/1.1" 200 178 "-" "PostmanRuntime/7.26.5"
::1 - - [08/Oct/2020:02:53:13 +0000] "POST /api/users/login HTTP/1.1" 200 172 "-" "PostmanRuntime/7.26.5"
::1 - - [08/Oct/2020:02:53:38 +0000] "GET /api/users HTTP/1.1" 200 178 "-" "PostmanRuntime/7.26.5"
::1 - - [08/Oct/2020:02:53:45 +0000] "POST /api/tweets HTTP/1.1" 200 115 "-" "PostmanRuntime/7.26.5"
::1 - - [08/Oct/2020:02:53:54 +0000] "PUT /api/users/jefry02 HTTP/1.1" 200 121 "-" "PostmanRuntime/7.26.5"
::1 - - [08/Oct/2020:03:21:16 +0000] "POST /api/users HTTP/1.1" 200 178 "-" "PostmanRuntime/7.26.5"
::1 - - [08/Oct/2020:03:21:19 +0000] "GET /api/users HTTP/1.1" 200 178 "-" "PostmanRuntime/7.26.5"
::1 - - [08/Oct/2020:03:21:25 +0000] "DELETE /api/users/jefry01 HTTP/1.1" 200 43 "-" "PostmanRuntime/7.26.5"
::1 - - [08/Oct/2020:03:21:31 +0000] "DELETE /api/users/jefry02 HTTP/1.1" 200 43 "-" "PostmanRuntime/7.26.5"
::1 - - [08/Oct/2020:03:21:37 +0000] "POST /api/users/login HTTP/1.1" 200 172 "-" "PostmanRuntime/7.26.5"
::1 - - [08/Oct/2020:03:21:43 +0000] "DELETE /api/users/jefry02 HTTP/1.1" 200 27 "-" "PostmanRuntime/7.26.5"
::1 - - [08/Oct/2020:03:21:46 +0000] "GET /api/users HTTP/1.1" 200 27 "-" "PostmanRuntime/7.26.5"
::1 - - [08/Oct/2020:03:24:07 +0000] "POST /api/tweets HTTP/1.1" 200 105 "-" "PostmanRuntime/7.26.5"
::1 - - [08/Oct/2020:03:26:30 +0000] "GET /api/tweets HTTP/1.1" 200 2 "-" "PostmanRuntime/7.26.5"
::1 - - [08/Oct/2020:03:26:34 +0000] "POST /api/tweets HTTP/1.1" 200 105 "-" "PostmanRuntime/7.26.5"
::1 - - [08/Oct/2020:03:26:36 +0000] "GET /api/tweets HTTP/1.1" 200 80 "-" "PostmanRuntime/7.26.5"
::1 - - [08/Oct/2020:03:27:40 +0000] "POST /api/users HTTP/1.1" 200 178 "-" "PostmanRuntime/7.26.5"
::1 - - [08/Oct/2020:03:27:43 +0000] "GET /api/users HTTP/1.1" 200 178 "-" "PostmanRuntime/7.26.5"
::1 - - [08/Oct/2020:03:27:50 +0000] "POST /api/users HTTP/1.1" 200 178 "-" "PostmanRuntime/7.26.5"
::1 - - [08/Oct/2020:03:27:53 +0000] "GET /api/users HTTP/1.1" 200 330 "-" "PostmanRuntime/7.26.5"
::1 - - [08/Oct/2020:03:27:59 +0000] "POST /api/users/login HTTP/1.1" 200 172 "-" "PostmanRuntime/7.26.5"
::1 - - [08/Oct/2020:03:28:23 +0000] "POST /api/tweets HTTP/1.1" 200 116 "-" "PostmanRuntime/7.26.5"
::1 - - [08/Oct/2020:03:28:32 +0000] "POST /api/users/login HTTP/1.1" 200 172 "-" "PostmanRuntime/7.26.5"
::1 - - [08/Oct/2020:03:28:38 +0000] "GET /api/tweets HTTP/1.1" 200 170 "-" "PostmanRuntime/7.26.5"
::1 - - [08/Oct/2020:03:29:09 +0000] "POST /api/tweets HTTP/1.1" 200 116 "-" "PostmanRuntime/7.26.5"
::1 - - [08/Oct/2020:03:29:36 +0000] "GET /api/users HTTP/1.1" 200 330 "-" "PostmanRuntime/7.26.5"
::1 - - [08/Oct/2020:03:29:55 +0000] "GET /api/tweets HTTP/1.1" 200 260 "-" "PostmanRuntime/7.26.5"
::1 - - [08/Oct/2020:03:34:15 +0000] "GET /api/tweets/1%0A HTTP/1.1" 200 31 "-" "PostmanRuntime/7.26.5"
::1 - - [08/Oct/2020:03:34:23 +0000] "GET /api/tweets/jefry01%0A HTTP/1.1" 200 31 "-" "PostmanRuntime/7.26.5"
::1 - - [08/Oct/2020:03:34:28 +0000] "GET /api/users HTTP/1.1" 200 330 "-" "PostmanRuntime/7.26.5"
::1 - - [08/Oct/2020:03:34:31 +0000] "GET /api/tweets HTTP/1.1" 200 260 "-" "PostmanRuntime/7.26.5"
::1 - - [08/Oct/2020:03:34:42 +0000] "GET /api/tweets/2%0A HTTP/1.1" 200 31 "-" "PostmanRuntime/7.26.5"
::1 - - [08/Oct/2020:03:34:44 +0000] "GET /api/tweets/3%0A HTTP/1.1" 500 59 "-" "PostmanRuntime/7.26.5"
::1 - - [08/Oct/2020:03:34:47 +0000] "GET /api/tweets/2%0A HTTP/1.1" 200 31 "-" "PostmanRuntime/7.26.5"
::1 - - [08/Oct/2020:03:36:52 +0000] "GET /api/tweets HTTP/1.1" 200 2 "-" "PostmanRuntime/7.26.5"
::1 - - [08/Oct/2020:03:37:05 +0000] "POST /api/users HTTP/1.1" 200 178 "-" "PostmanRuntime/7.26.5"
::1 - - [08/Oct/2020:03:37:12 +0000] "POST /api/users/login HTTP/1.1" 200 47 "-" "PostmanRuntime/7.26.5"
::1 - - [08/Oct/2020:03:37:16 +0000] "POST /api/users/login HTTP/1.1" 200 172 "-" "PostmanRuntime/7.26.5"
::1 - - [08/Oct/2020:03:37:26 +0000] "GET /api/users HTTP/1.1" 200 178 "-" "PostmanRuntime/7.26.5"
::1 - - [08/Oct/2020:03:37:33 +0000] "GET /api/users HTTP/1.1" 200 43 "-" "PostmanRuntime/7.26.5"
::1 - - [08/Oct/2020:03:37:40 +0000] "GET /api/tweets/2%0A HTTP/1.1" 500 59 "-" "PostmanRuntime/7.26.5"
::1 - - [08/Oct/2020:03:37:51 +0000] "GET /api/tweets HTTP/1.1" 200 2 "-" "PostmanRuntime/7.26.5"
::1 - - [08/Oct/2020:03:38:01 +0000] "POST /api/tweets HTTP/1.1" 200 102 "-" "PostmanRuntime/7.26.5"
::1 - - [08/Oct/2020:03:38:04 +0000] "GET /api/tweets HTTP/1.1" 200 77 "-" "PostmanRuntime/7.26.5"
::1 - - [08/Oct/2020:03:38:55 +0000] "GET /api/tweets/2%0A HTTP/1.1" 500 59 "-" "PostmanRuntime/7.26.5"
::1 - - [08/Oct/2020:03:38:58 +0000] "GET /api/tweets/1%0A HTTP/1.1" 500 59 "-" "PostmanRuntime/7.26.5"
::1 - - [08/Oct/2020:03:39:03 +0000] "GET /api/tweets/0%0A HTTP/1.1" 200 31 "-" "PostmanRuntime/7.26.5"
::1 - - [08/Oct/2020:03:41:56 +0000] "GET /api/tweets1%0A HTTP/1.1" 404 153 "-" "PostmanRuntime/7.26.5"
::1 - - [08/Oct/2020:03:42:01 +0000] "GET /api/tweets/1%0A HTTP/1.1" 500 59 "-" "PostmanRuntime/7.26.5"
::1 - - [08/Oct/2020:03:42:11 +0000] "POST /api/tweets HTTP/1.1" 200 108 "-" "PostmanRuntime/7.26.5"
::1 - - [08/Oct/2020:03:42:13 +0000] "GET /api/tweets/1%0A HTTP/1.1" 200 31 "-" "PostmanRuntime/7.26.5"
::1 - - [08/Oct/2020:03:48:57 +0000] "GET /api/tweets HTTP/1.1" 200 2 "-" "PostmanRuntime/7.26.5"
::1 - - [08/Oct/2020:03:49:01 +0000] "POST /api/tweets HTTP/1.1" 200 108 "-" "PostmanRuntime/7.26.5"
::1 - - [08/Oct/2020:03:49:04 +0000] "GET /api/tweets HTTP/1.1" 200 83 "-" "PostmanRuntime/7.26.5"
::1 - - [08/Oct/2020:03:50:25 +0000] "GET /api/users HTTP/1.1" 200 43 "-" "PostmanRuntime/7.26.5"
::1 - - [08/Oct/2020:03:50:34 +0000] "POST /api/tweets HTTP/1.1" 200 43 "-" "PostmanRuntime/7.26.5"
::1 - - [08/Oct/2020:03:50:42 +0000] "GET /api/tweets HTTP/1.1" 200 2 "-" "PostmanRuntime/7.26.5"
::1 - - [08/Oct/2020:03:50:47 +0000] "POST /api/tweets HTTP/1.1" 200 43 "-" "PostmanRuntime/7.26.5"
::1 - - [08/Oct/2020:03:50:53 +0000] "POST /api/users HTTP/1.1" 200 178 "-" "PostmanRuntime/7.26.5"
::1 - - [08/Oct/2020:03:50:57 +0000] "POST /api/users/login HTTP/1.1" 200 172 "-" "PostmanRuntime/7.26.5"
::1 - - [08/Oct/2020:03:51:03 +0000] "POST /api/tweets HTTP/1.1" 200 43 "-" "PostmanRuntime/7.26.5"
::1 - - [08/Oct/2020:03:51:08 +0000] "POST /api/tweets HTTP/1.1" 200 108 "-" "PostmanRuntime/7.26.5"
::1 - - [08/Oct/2020:03:51:11 +0000] "GET /api/tweets HTTP/1.1" 200 83 "-" "PostmanRuntime/7.26.5"
::1 - - [08/Oct/2020:03:51:46 +0000] "DELETE /api/tweets/0 HTTP/1.1" - - "-" "PostmanRuntime/7.26.5"
::1 - - [08/Oct/2020:03:52:02 +0000] "POST /api/tweets HTTP/1.1" 200 100 "-" "PostmanRuntime/7.26.5"
::1 - - [08/Oct/2020:03:52:05 +0000] "GET /api/tweets HTTP/1.1" 200 75 "-" "PostmanRuntime/7.26.5"
::1 - - [08/Oct/2020:03:52:14 +0000] "DELETE /api/tweets/0 HTTP/1.1" - - "-" "PostmanRuntime/7.26.5"
::1 - - [08/Oct/2020:03:53:25 +0000] "DELETE /api/users/jefry02 HTTP/1.1" 500 61 "-" "PostmanRuntime/7.26.5"
::1 - - [08/Oct/2020:03:53:54 +0000] "DELETE /api/users/jefry02 HTTP/1.1" 500 61 "-" "PostmanRuntime/7.26.5"
::1 - - [08/Oct/2020:03:54:05 +0000] "DELETE /api/users/jefry02 HTTP/1.1" 500 1525 "-" "PostmanRuntime/7.26.5"
::1 - - [08/Oct/2020:03:54:16 +0000] "DELETE /api/users/jefry02 HTTP/1.1" 500 61 "-" "PostmanRuntime/7.26.5"
::1 - - [08/Oct/2020:03:54:54 +0000] "DELETE /api/tweets/1 HTTP/1.1" - - "-" "PostmanRuntime/7.26.5"
::1 - - [08/Oct/2020:03:55:56 +0000] "GET /api/tweets/1%0A HTTP/1.1" 500 59 "-" "PostmanRuntime/7.26.5"
::1 - - [08/Oct/2020:03:56:00 +0000] "POST /api/tweets HTTP/1.1" 200 100 "-" "PostmanRuntime/7.26.5"
::1 - - [08/Oct/2020:03:56:03 +0000] "GET /api/tweets/1%0A HTTP/1.1" 500 59 "-" "PostmanRuntime/7.26.5"
::1 - - [08/Oct/2020:03:56:06 +0000] "GET /api/tweets/0%0A HTTP/1.1" 200 31 "-" "PostmanRuntime/7.26.5"
::1 - - [08/Oct/2020:03:57:17 +0000] "GET /api/tweets/0%0A HTTP/1.1" 500 59 "-" "PostmanRuntime/7.26.5"
::1 - - [08/Oct/2020:03:57:20 +0000] "POST /api/tweets HTTP/1.1" 200 100 "-" "PostmanRuntime/7.26.5"
::1 - - [08/Oct/2020:03:57:23 +0000] "GET /api/tweets/0%0A HTTP/1.1" 200 16 "-" "PostmanRuntime/7.26.5"
::1 - - [08/Oct/2020:03:57:56 +0000] "POST /api/tweets HTTP/1.1" 200 100 "-" "PostmanRuntime/7.26.5"
::1 - - [08/Oct/2020:03:58:00 +0000] "GET /api/tweets/0%0A HTTP/1.1" 200 102 "-" "PostmanRuntime/7.26.5"
::1 - - [08/Oct/2020:03:58:17 +0000] "GET /api/tweets/1%0A HTTP/1.1" 500 59 "-" "PostmanRuntime/7.26.5"
::1 - - [08/Oct/2020:03:58:25 +0000] "POST /api/tweets HTTP/1.1" 200 104 "-" "PostmanRuntime/7.26.5"
::1 - - [08/Oct/2020:03:58:28 +0000] "GET /api/tweets HTTP/1.1" 200 153 "-" "PostmanRuntime/7.26.5"
::1 - - [08/Oct/2020:03:58:34 +0000] "GET /api/tweets/1%0A HTTP/1.1" 200 180 "-" "PostmanRuntime/7.26.5"
::1 - - [08/Oct/2020:03:58:52 +0000] "POST /api/tweets HTTP/1.1" 200 104 "-" "PostmanRuntime/7.26.5"
::1 - - [08/Oct/2020:03:58:55 +0000] "GET /api/tweets HTTP/1.1" 200 79 "-" "PostmanRuntime/7.26.5"
::1 - - [08/Oct/2020:03:58:58 +0000] "GET /api/tweets/1%0A HTTP/1.1" 500 59 "-" "PostmanRuntime/7.26.5"
::1 - - [08/Oct/2020:03:59:01 +0000] "GET /api/tweets/0%0A HTTP/1.1" 200 31 "-" "PostmanRuntime/7.26.5"
::1 - - [08/Oct/2020:03:59:13 +0000] "GET /api/tweets/0%0A HTTP/1.1" 500 59 "-" "PostmanRuntime/7.26.5"
::1 - - [08/Oct/2020:03:59:15 +0000] "GET /api/tweets HTTP/1.1" 200 2 "-" "PostmanRuntime/7.26.5"
::1 - - [08/Oct/2020:03:59:18 +0000] "POST /api/tweets HTTP/1.1" 200 104 "-" "PostmanRuntime/7.26.5"
::1 - - [08/Oct/2020:03:59:24 +0000] "GET /api/tweets/0%0A HTTP/1.1" 200 31 "-" "PostmanRuntime/7.26.5"
::1 - - [08/Oct/2020:04:01:33 +0000] "GET /api/tweets HTTP/1.1" 200 79 "-" "PostmanRuntime/7.26.5"
::1 - - [08/Oct/2020:04:02:13 +0000] "GET /api/users HTTP/1.1" 200 43 "-" "PostmanRuntime/7.26.5"
::1 - - [08/Oct/2020:04:02:18 +0000] "POST /api/users HTTP/1.1" 200 178 "-" "PostmanRuntime/7.26.5"
::1 - - [08/Oct/2020:04:02:21 +0000] "POST /api/users/login HTTP/1.1" 200 172 "-" "PostmanRuntime/7.26.5"
::1 - - [08/Oct/2020:04:02:29 +0000] "GET /api/users HTTP/1.1" 200 43 "-" "PostmanRuntime/7.26.5"
::1 - - [08/Oct/2020:04:02:33 +0000] "GET /api/users HTTP/1.1" 200 178 "-" "PostmanRuntime/7.26.5"
::1 - - [08/Oct/2020:04:02:47 +0000] "DELETE /api/users/jefry03 HTTP/1.1" 200 74 "-" "PostmanRuntime/7.26.5"
::1 - - [08/Oct/2020:04:03:05 +0000] "DELETE /api/users/jefry03 HTTP/1.1" 200 74 "-" "PostmanRuntime/7.26.5"
::1 - - [08/Oct/2020:04:03:17 +0000] "DELETE /api/users/jefry03 HTTP/1.1" 200 74 "-" "PostmanRuntime/7.26.5"
::1 - - [08/Oct/2020:04:03:39 +0000] "DELETE /api/users/jefry02 HTTP/1.1" 500 61 "-" "PostmanRuntime/7.26.5"
::1 - - [08/Oct/2020:04:03:51 +0000] "GET /api/users HTTP/1.1" 200 27 "-" "PostmanRuntime/7.26.5"
::1 - - [08/Oct/2020:04:03:56 +0000] "DELETE /api/users/jefry02 HTTP/1.1" 500 61 "-" "PostmanRuntime/7.26.5"
::1 - - [08/Oct/2020:04:04:18 +0000] "DELETE /api/users/jefry03 HTTP/1.1" 200 74 "-" "PostmanRuntime/7.26.5"
::1 - - [08/Oct/2020:04:04:35 +0000] "DELETE /api/users/jefry03 HTTP/1.1" 500 61 "-" "PostmanRuntime/7.26.5"
::1 - - [08/Oct/2020:04:04:42 +0000] "DELETE /api/users/jefry02 HTTP/1.1" 500 61 "-" "PostmanRuntime/7.26.5"
::1 - - [08/Oct/2020:04:05:16 +0000] "DELETE /api/users/jefry02 HTTP/1.1" 500 61 "-" "PostmanRuntime/7.26.5"
::1 - - [08/Oct/2020:04:05:29 +0000] "DELETE /api/users/jefry02 HTTP/1.1" 500 61 "-" "PostmanRuntime/7.26.5"
::1 - - [08/Oct/2020:04:05:46 +0000] "DELETE /api/users/jefr HTTP/1.1" 500 61 "-" "PostmanRuntime/7.26.5"
::1 - - [08/Oct/2020:04:05:57 +0000] "DELETE /api/users/jefry02 HTTP/1.1" 500 61 "-" "PostmanRuntime/7.26.5"
::1 - - [08/Oct/2020:04:06:09 +0000] "DELETE /api/users/jefry02 HTTP/1.1" 500 61 "-" "PostmanRuntime/7.26.5"
::1 - - [08/Oct/2020:04:07:14 +0000] "DELETE /api/tweets/1 HTTP/1.1" - - "-" "PostmanRuntime/7.26.5"
::1 - - [08/Oct/2020:04:07:36 +0000] "GET /api/tweets/0%0A HTTP/1.1" 500 59 "-" "PostmanRuntime/7.26.5"
::1 - - [08/Oct/2020:04:08:13 +0000] "GET /api/tweets/0%0A HTTP/1.1" 500 59 "-" "PostmanRuntime/7.26.5"
::1 - - [08/Oct/2020:04:08:28 +0000] "DELETE /api/tweets/1 HTTP/1.1" - - "-" "PostmanRuntime/7.26.5"
::1 - - [08/Oct/2020:04:08:52 +0000] "GET /api/users HTTP/1.1" 200 27 "-" "PostmanRuntime/7.26.5"
::1 - - [08/Oct/2020:04:08:56 +0000] "GET /api/users HTTP/1.1" 200 43 "-" "PostmanRuntime/7.26.5"
::1 - - [08/Oct/2020:04:09:03 +0000] "POST /api/users HTTP/1.1" 200 178 "-" "PostmanRuntime/7.26.5"
::1 - - [08/Oct/2020:04:09:12 +0000] "POST /api/users/login HTTP/1.1" 200 172 "-" "PostmanRuntime/7.26.5"
::1 - - [08/Oct/2020:04:09:20 +0000] "GET /api/users HTTP/1.1" 200 178 "-" "PostmanRuntime/7.26.5"
::1 - - [08/Oct/2020:04:09:24 +0000] "GET /api/tweets HTTP/1.1" 200 2 "-" "PostmanRuntime/7.26.5"
::1 - - [08/Oct/2020:04:09:33 +0000] "POST /api/tweets HTTP/1.1" 200 104 "-" "PostmanRuntime/7.26.5"
::1 - - [08/Oct/2020:04:09:43 +0000] "POST /api/tweets HTTP/1.1" 200 104 "-" "PostmanRuntime/7.26.5"
::1 - - [08/Oct/2020:04:09:47 +0000] "GET /api/tweets HTTP/1.1" 200 157 "-" "PostmanRuntime/7.26.5"
::1 - - [08/Oct/2020:04:09:59 +0000] "GET /api/tweets/0%0A HTTP/1.1" 200 31 "-" "PostmanRuntime/7.26.5"
::1 - - [08/Oct/2020:04:10:03 +0000] "GET /api/tweets/1%0A HTTP/1.1" 200 31 "-" "PostmanRuntime/7.26.5"
::1 - - [08/Oct/2020:04:10:06 +0000] "GET /api/tweets HTTP/1.1" 200 157 "-" "PostmanRuntime/7.26.5"
::1 - - [08/Oct/2020:04:10:46 +0000] "GET /api/tweets HTTP/1.1" 200 2 "-" "PostmanRuntime/7.26.5"
::1 - - [08/Oct/2020:04:10:53 +0000] "DELETE /api/tweets/0 HTTP/1.1" - - "-" "PostmanRuntime/7.26.5"
::1 - - [08/Oct/2020:04:10:58 +0000] "POST /api/tweets HTTP/1.1" 200 104 "-" "PostmanRuntime/7.26.5"
::1 - - [08/Oct/2020:04:11:03 +0000] "GET /api/tweets/0%0A HTTP/1.1" 200 31 "-" "PostmanRuntime/7.26.5"
::1 - - [08/Oct/2020:04:11:06 +0000] "GET /api/tweets HTTP/1.1" 200 79 "-" "PostmanRuntime/7.26.5"
::1 - - [08/Oct/2020:04:11:16 +0000] "DELETE /api/tweets/0 HTTP/1.1" - - "-" "PostmanRuntime/7.26.5"
::1 - - [08/Oct/2020:04:11:24 +0000] "POST /api/tweets HTTP/1.1" 200 104 "-" "PostmanRuntime/7.26.5"
::1 - - [08/Oct/2020:04:11:27 +0000] "GET /api/tweets HTTP/1.1" 200 157 "-" "PostmanRuntime/7.26.5"
::1 - - [08/Oct/2020:04:11:43 +0000] "DELETE /api/tweets/1 HTTP/1.1" - - "-" "PostmanRuntime/7.26.5"
::1 - - [08/Oct/2020:04:12:22 +0000] "GET /api/tweets HTTP/1.1" 200 157 "-" "PostmanRuntime/7.26.5"
::1 - - [08/Oct/2020:04:17:55 +0000] "GET /api/tweets HTTP/1.1" 200 2 "-" "PostmanRuntime/7.26.5"
::1 - - [08/Oct/2020:04:18:01 +0000] "POST /api/tweets HTTP/1.1" 200 104 "-" "PostmanRuntime/7.26.5"
::1 - - [08/Oct/2020:04:18:09 +0000] "POST /api/tweets HTTP/1.1" 200 104 "-" "PostmanRuntime/7.26.5"
::1 - - [08/Oct/2020:04:18:11 +0000] "GET /api/tweets HTTP/1.1" 200 157 "-" "PostmanRuntime/7.26.5"
::1 - - [08/Oct/2020:04:18:27 +0000] "GET /api/tweets HTTP/1.1" 200 157 "-" "PostmanRuntime/7.26.5"
::1 - - [08/Oct/2020:04:18:40 +0000] "GET /api/tweets HTTP/1.1" 200 79 "-" "PostmanRuntime/7.26.5"
::1 - - [08/Oct/2020:04:18:56 +0000] "DELETE /api/tweets/1 HTTP/1.1" - - "-" "PostmanRuntime/7.26.5"
::1 - - [08/Oct/2020:04:19:09 +0000] "GET /api/tweets HTTP/1.1" 200 2 "-" "PostmanRuntime/7.26.5"
::1 - - [08/Oct/2020:04:20:16 +0000] "GET /api/tweets HTTP/1.1" 200 2 "-" "PostmanRuntime/7.26.5"
::1 - - [08/Oct/2020:04:20:31 +0000] "POST /api/tweets HTTP/1.1" 200 110 "-" "PostmanRuntime/7.26.5"
::1 - - [08/Oct/2020:04:20:38 +0000] "POST /api/tweets HTTP/1.1" 200 113 "-" "PostmanRuntime/7.26.5"
::1 - - [08/Oct/2020:04:20:41 +0000] "GET /api/tweets HTTP/1.1" 200 172 "-" "PostmanRuntime/7.26.5"
::1 - - [08/Oct/2020:04:21:06 +0000] "DELETE /api/tweets/1 HTTP/1.1" - - "-" "PostmanRuntime/7.26.5"
::1 - - [08/Oct/2020:04:21:16 +0000] "GET /api/tweets HTTP/1.1" 200 2 "-" "PostmanRuntime/7.26.5"
::1 - - [08/Oct/2020:04:21:50 +0000] "GET /api/tweets HTTP/1.1" 200 2 "-" "PostmanRuntime/7.26.5"
::1 - - [08/Oct/2020:04:22:02 +0000] "POST /api/tweets HTTP/1.1" 200 113 "-" "PostmanRuntime/7.26.5"
::1 - - [08/Oct/2020:04:22:08 +0000] "POST /api/tweets HTTP/1.1" 200 110 "-" "PostmanRuntime/7.26.5"
::1 - - [08/Oct/2020:04:22:23 +0000] "DELETE /api/tweets/1 HTTP/1.1" - - "-" "PostmanRuntime/7.26.5"
::1 - - [08/Oct/2020:04:22:48 +0000] "GET /api/tweets HTTP/1.1" 200 85 "-" "PostmanRuntime/7.26.5"
::1 - - [08/Oct/2020:04:23:02 +0000] "GET /api/tweets HTTP/1.1" 200 2 "-" "PostmanRuntime/7.26.5"
::1 - - [08/Oct/2020:04:23:27 +0000] "DELETE /api/tweets/1 HTTP/1.1" - - "-" "PostmanRuntime/7.26.5"
::1 - - [08/Oct/2020:04:23:43 +0000] "POST /api/tweets HTTP/1.1" 200 104 "-" "PostmanRuntime/7.26.5"
::1 - - [08/Oct/2020:04:23:46 +0000] "POST /api/tweets HTTP/1.1" 200 104 "-" "PostmanRuntime/7.26.5"
::1 - - [08/Oct/2020:04:23:49 +0000] "GET /api/tweets HTTP/1.1" 200 157 "-" "PostmanRuntime/7.26.5"
::1 - - [08/Oct/2020:04:24:18 +0000] "GET /api/tweets HTTP/1.1" 200 2 "-" "PostmanRuntime/7.26.5"
::1 - - [08/Oct/2020:04:24:23 +0000] "POST /api/tweets HTTP/1.1" 200 104 "-" "PostmanRuntime/7.26.5"
::1 - - [08/Oct/2020:04:24:27 +0000] "POST /api/tweets HTTP/1.1" 200 104 "-" "PostmanRuntime/7.26.5"
::1 - - [08/Oct/2020:04:24:29 +0000] "GET /api/tweets HTTP/1.1" 200 157 "-" "PostmanRuntime/7.26.5"
::1 - - [08/Oct/2020:04:24:36 +0000] "DELETE /api/tweets/0 HTTP/1.1" - - "-" "PostmanRuntime/7.26.5"
::1 - - [08/Oct/2020:04:24:44 +0000] "DELETE /api/tweets/1 HTTP/1.1" - - "-" "PostmanRuntime/7.26.5"
::1 - - [08/Oct/2020:04:24:57 +0000] "DELETE /api/tweets/2 HTTP/1.1" - - "-" "PostmanRuntime/7.26.5"
::1 - - [08/Oct/2020:04:26:26 +0000] "GET /api/tweets HTTP/1.1" 200 2 "-" "PostmanRuntime/7.26.5"
::1 - - [08/Oct/2020:04:26:33 +0000] "DELETE /api/tweets/2 HTTP/1.1" - - "-" "PostmanRuntime/7.26.5"
::1 - - [08/Oct/2020:04:26:38 +0000] "POST /api/tweets HTTP/1.1" 200 104 "-" "PostmanRuntime/7.26.5"
::1 - - [08/Oct/2020:04:26:41 +0000] "POST /api/tweets HTTP/1.1" 200 104 "-" "PostmanRuntime/7.26.5"
::1 - - [08/Oct/2020:04:26:43 +0000] "GET /api/tweets HTTP/1.1" 200 157 "-" "PostmanRuntime/7.26.5"
::1 - - [08/Oct/2020:04:27:09 +0000] "DELETE /api/tweets/2 HTTP/1.1" - - "-" "PostmanRuntime/7.26.5"
::1 - - [08/Oct/2020:04:27:18 +0000] "DELETE /api/tweets/1 HTTP/1.1" - - "-" "PostmanRuntime/7.26.5"
::1 - - [08/Oct/2020:04:27:23 +0000] "DELETE /api/tweets/0 HTTP/1.1" - - "-" "PostmanRuntime/7.26.5"
::1 - - [08/Oct/2020:04:27:36 +0000] "DELETE /api/tweets/2 HTTP/1.1" - - "-" "PostmanRuntime/7.26.5"
::1 - - [08/Oct/2020:04:28:32 +0000] "DELETE /api/tweets/2 HTTP/1.1" - - "-" "PostmanRuntime/7.26.5"
::1 - - [08/Oct/2020:04:28:37 +0000] "DELETE /api/tweets/0 HTTP/1.1" - - "-" "PostmanRuntime/7.26.5"
::1 - - [08/Oct/2020:04:28:54 +0000] "DELETE /api/tweets/1 HTTP/1.1" - - "-" "PostmanRuntime/7.26.5"
::1 - - [08/Oct/2020:04:28:57 +0000] "DELETE /api/tweets/2 HTTP/1.1" - - "-" "PostmanRuntime/7.26.5"
::1 - - [08/Oct/2020:04:29:33 +0000] "DELETE /api/tweets/2 HTTP/1.1" - - "-" "PostmanRuntime/7.26.5"
::1 - - [08/Oct/2020:04:29:43 +0000] "DELETE /api/tweets/1 HTTP/1.1" - - "-" "PostmanRuntime/7.26.5"
::1 - - [08/Oct/2020:04:29:49 +0000] "DELETE /api/tweets/0 HTTP/1.1" - - "-" "PostmanRuntime/7.26.5"
::1 - - [08/Oct/2020:04:29:54 +0000] "POST /api/tweets HTTP/1.1" 200 104 "-" "PostmanRuntime/7.26.5"
::1 - - [08/Oct/2020:04:30:03 +0000] "POST /api/tweets HTTP/1.1" 200 104 "-" "PostmanRuntime/7.26.5"
::1 - - [08/Oct/2020:04:30:06 +0000] "GET /api/tweets HTTP/1.1" 200 157 "-" "PostmanRuntime/7.26.5"
::1 - - [08/Oct/2020:04:30:11 +0000] "DELETE /api/tweets/0 HTTP/1.1" - - "-" "PostmanRuntime/7.26.5"
::1 - - [08/Oct/2020:04:30:18 +0000] "DELETE /api/tweets/1 HTTP/1.1" - - "-" "PostmanRuntime/7.26.5"
::1 - - [08/Oct/2020:04:30:24 +0000] "DELETE /api/tweets/2 HTTP/1.1" - - "-" "PostmanRuntime/7.26.5"
::1 - - [08/Oct/2020:04:30:48 +0000] "DELETE /api/tweets/2 HTTP/1.1" 200 15 "-" "PostmanRuntime/7.26.5"
::1 - - [08/Oct/2020:04:31:04 +0000] "DELETE /api/tweets/2 HTTP/1.1" 500 15 "-" "PostmanRuntime/7.26.5"
::1 - - [08/Oct/2020:04:31:35 +0000] "DELETE /api/tweets/2 HTTP/1.1" 500 15 "-" "PostmanRuntime/7.26.5"
::1 - - [08/Oct/2020:04:31:40 +0000] "GET /api/tweets HTTP/1.1" 200 2 "-" "PostmanRuntime/7.26.5"
::1 - - [08/Oct/2020:04:31:46 +0000] "POST /api/tweets HTTP/1.1" 200 104 "-" "PostmanRuntime/7.26.5"
::1 - - [08/Oct/2020:04:31:49 +0000] "POST /api/tweets HTTP/1.1" 200 104 "-" "PostmanRuntime/7.26.5"
::1 - - [08/Oct/2020:04:31:52 +0000] "DELETE /api/tweets/2 HTTP/1.1" 500 15 "-" "PostmanRuntime/7.26.5"
::1 - - [08/Oct/2020:04:31:54 +0000] "DELETE /api/tweets/1 HTTP/1.1" 200 77 "-" "PostmanRuntime/7.26.5"
::1 - - [08/Oct/2020:04:32:00 +0000] "DELETE /api/tweets/0 HTTP/1.1" 200 77 "-" "PostmanRuntime/7.26.5"
::1 - - [08/Oct/2020:04:33:06 +0000] "GET /api/tweets HTTP/1.1" 200 2 "-" "PostmanRuntime/7.26.5"
::1 - - [08/Oct/2020:04:33:12 +0000] "POST /api/tweets HTTP/1.1" 200 104 "-" "PostmanRuntime/7.26.5"
::1 - - [08/Oct/2020:04:33:16 +0000] "POST /api/tweets HTTP/1.1" 200 104 "-" "PostmanRuntime/7.26.5"
::1 - - [08/Oct/2020:04:33:19 +0000] "GET /api/tweets HTTP/1.1" 200 157 "-" "PostmanRuntime/7.26.5"
::1 - - [08/Oct/2020:04:33:26 +0000] "DELETE /api/tweets/2 HTTP/1.1" 500 15 "-" "PostmanRuntime/7.26.5"
::1 - - [08/Oct/2020:04:33:29 +0000] "GET /api/tweets HTTP/1.1" 200 157 "-" "PostmanRuntime/7.26.5"
::1 - - [08/Oct/2020:04:33:36 +0000] "DELETE /api/tweets/1 HTTP/1.1" 200 - "-" "PostmanRuntime/7.26.5"
::1 - - [08/Oct/2020:04:33:46 +0000] "GET /api/tweets HTTP/1.1" 200 79 "-" "PostmanRuntime/7.26.5"
::1 - - [08/Oct/2020:04:34:15 +0000] "DELETE /api/tweets/5 HTTP/1.1" 500 15 "-" "PostmanRuntime/7.26.5"
::1 - - [08/Oct/2020:04:34:19 +0000] "GET /api/tweets HTTP/1.1" 200 79 "-" "PostmanRuntime/7.26.5"
::1 - - [08/Oct/2020:04:34:24 +0000] "DELETE /api/tweets/1 HTTP/1.1" 500 15 "-" "PostmanRuntime/7.26.5"
::1 - - [08/Oct/2020:04:34:27 +0000] "GET /api/tweets HTTP/1.1" 200 79 "-" "PostmanRuntime/7.26.5"
::1 - - [08/Oct/2020:04:34:56 +0000] "GET /api/tweets HTTP/1.1" 200 2 "-" "PostmanRuntime/7.26.5"
::1 - - [08/Oct/2020:04:35:03 +0000] "POST /api/tweets HTTP/1.1" 200 103 "-" "PostmanRuntime/7.26.5"
::1 - - [08/Oct/2020:04:35:06 +0000] "POST /api/tweets HTTP/1.1" 200 104 "-" "PostmanRuntime/7.26.5"
::1 - - [08/Oct/2020:04:35:09 +0000] "DELETE /api/tweets/1 HTTP/1.1" 200 19 "-" "PostmanRuntime/7.26.5"
::1 - - [08/Oct/2020:04:35:13 +0000] "DELETE /api/tweets/3 HTTP/1.1" 500 15 "-" "PostmanRuntime/7.26.5"
::1 - - [08/Oct/2020:04:35:16 +0000] "GET /api/tweets HTTP/1.1" 200 79 "-" "PostmanRuntime/7.26.5"
::1 - - [08/Oct/2020:04:46:42 +0000] "GET /api/tweets/0%0A HTTP/1.1" 200 31 "-" "PostmanRuntime/7.26.5"
::1 - - [08/Oct/2020:04:46:46 +0000] "GET /api/tweets/3%0A HTTP/1.1" 500 59 "-" "PostmanRuntime/7.26.5"
::1 - - [08/Oct/2020:04:48:13 +0000] "GET /api/tweets HTTP/1.1" 200 2 "-" "PostmanRuntime/7.26.5"
::1 - - [08/Oct/2020:04:48:19 +0000] "POST /api/tweets HTTP/1.1" 200 104 "-" "PostmanRuntime/7.26.5"
::1 - - [08/Oct/2020:04:48:23 +0000] "POST /api/tweets HTTP/1.1" 200 104 "-" "PostmanRuntime/7.26.5"
::1 - - [08/Oct/2020:04:48:26 +0000] "GET /api/tweets HTTP/1.1" 200 157 "-" "PostmanRuntime/7.26.5"
::1 - - [08/Oct/2020:04:48:30 +0000] "DELETE /api/tweets/3 HTTP/1.1" 500 59 "-" "PostmanRuntime/7.26.5"
::1 - - [08/Oct/2020:04:48:37 +0000] "DELETE /api/tweets/0 HTTP/1.1" 500 49 "-" "PostmanRuntime/7.26.5"
::1 - - [08/Oct/2020:04:48:41 +0000] "POST /api/tweets HTTP/1.1" 200 104 "-" "PostmanRuntime/7.26.5"
::1 - - [08/Oct/2020:04:48:50 +0000] "GET /api/tweets HTTP/1.1" 200 157 "-" "PostmanRuntime/7.26.5"
::1 - - [08/Oct/2020:04:48:55 +0000] "DELETE /api/tweets/0 HTTP/1.1" 500 49 "-" "PostmanRuntime/7.26.5"
::1 - - [08/Oct/2020:04:48:58 +0000] "DELETE /api/tweets/1 HTTP/1.1" 500 59 "-" "PostmanRuntime/7.26.5"
::1 - - [08/Oct/2020:04:49:02 +0000] "GET /api/tweets HTTP/1.1" 200 79 "-" "PostmanRuntime/7.26.5"
::1 - - [08/Oct/2020:04:58:44 +0000] "GET /api/tweets HTTP/1.1" 200 79 "-" "PostmanRuntime/7.26.5"
::1 - - [08/Oct/2020:04:58:49 +0000] "DELETE /api/tweets/7 HTTP/1.1" 500 59 "-" "PostmanRuntime/7.26.5"
::1 - - [08/Oct/2020:04:58:57 +0000] "DELETE /api/tweets/7 HTTP/1.1" 500 59 "-" "PostmanRuntime/7.26.5"
::1 - - [08/Oct/2020:04:59:04 +0000] "POST /api/tweets HTTP/1.1" 200 104 "-" "PostmanRuntime/7.26.5"
::1 - - [08/Oct/2020:04:59:06 +0000] "GET /api/tweets HTTP/1.1" 200 79 "-" "PostmanRuntime/7.26.5"
::1 - - [08/Oct/2020:04:59:12 +0000] "DELETE /api/tweets/0 HTTP/1.1" 500 59 "-" "PostmanRuntime/7.26.5"
::1 - - [08/Oct/2020:04:59:14 +0000] "DELETE /api/tweets/1 HTTP/1.1" 500 59 "-" "PostmanRuntime/7.26.5"
::1 - - [08/Oct/2020:04:59:19 +0000] "GET /api/tweets HTTP/1.1" 200 79 "-" "PostmanRuntime/7.26.5"
::1 - - [08/Oct/2020:04:59:27 +0000] "GET /api/tweets HTTP/1.1" 200 2 "-" "PostmanRuntime/7.26.5"
::1 - - [08/Oct/2020:04:59:33 +0000] "POST /api/tweets HTTP/1.1" 200 104 "-" "PostmanRuntime/7.26.5"
::1 - - [08/Oct/2020:04:59:37 +0000] "POST /api/tweets HTTP/1.1" 200 104 "-" "PostmanRuntime/7.26.5"
::1 - - [08/Oct/2020:04:59:39 +0000] "GET /api/tweets HTTP/1.1" 200 157 "-" "PostmanRuntime/7.26.5"
::1 - - [08/Oct/2020:04:59:43 +0000] "DELETE /api/tweets/2 HTTP/1.1" 500 59 "-" "PostmanRuntime/7.26.5"
::1 - - [08/Oct/2020:04:59:45 +0000] "DELETE /api/tweets/1 HTTP/1.1" 500 49 "-" "PostmanRuntime/7.26.5"
::1 - - [08/Oct/2020:04:59:58 +0000] "POST /api/tweets HTTP/1.1" 200 104 "-" "PostmanRuntime/7.26.5"
::1 - - [08/Oct/2020:05:00:02 +0000] "POST /api/tweets HTTP/1.1" 200 104 "-" "PostmanRuntime/7.26.5"
::1 - - [08/Oct/2020:05:00:04 +0000] "GET /api/tweets HTTP/1.1" 200 157 "-" "PostmanRuntime/7.26.5"
::1 - - [08/Oct/2020:05:00:08 +0000] "DELETE /api/tweets/1 HTTP/1.1" 500 48 "-" "PostmanRuntime/7.26.5"
::1 - - [08/Oct/2020:05:00:11 +0000] "GET /api/tweets HTTP/1.1" 200 79 "-" "PostmanRuntime/7.26.5"
::1 - - [08/Oct/2020:22:56:24 +0000] "GET /api/tweets HTTP/1.1" 200 2 "-" "PostmanRuntime/7.26.5"
::1 - - [08/Oct/2020:22:56:37 +0000] "POST /api/tweets HTTP/1.1" 200 103 "-" "PostmanRuntime/7.26.5"
::1 - - [08/Oct/2020:22:56:41 +0000] "GET /api/tweets/3%0A HTTP/1.1" 500 59 "-" "PostmanRuntime/7.26.5"
::1 - - [08/Oct/2020:22:56:47 +0000] "GET /api/tweets/0%0A HTTP/1.1" 200 31 "-" "PostmanRuntime/7.26.5"
::1 - - [08/Oct/2020:22:56:59 +0000] "GET /api/tweets/0%0A HTTP/1.1" 500 59 "-" "PostmanRuntime/7.26.5"
::1 - - [08/Oct/2020:22:57:10 +0000] "POST /api/tweets HTTP/1.1" 200 103 "-" "PostmanRuntime/7.26.5"
::1 - - [08/Oct/2020:22:57:12 +0000] "GET /api/tweets HTTP/1.1" 200 78 "-" "PostmanRuntime/7.26.5"
::1 - - [08/Oct/2020:22:57:15 +0000] "GET /api/tweets/0%0A HTTP/1.1" 200 31 "-" "PostmanRuntime/7.26.5"
::1 - - [08/Oct/2020:22:57:30 +0000] "GET /api/tweets/0%0A HTTP/1.1" 500 59 "-" "PostmanRuntime/7.26.5"
::1 - - [08/Oct/2020:22:57:34 +0000] "POST /api/tweets HTTP/1.1" 200 103 "-" "PostmanRuntime/7.26.5"
::1 - - [08/Oct/2020:22:57:36 +0000] "GET /api/tweets/0%0A HTTP/1.1" 200 31 "-" "PostmanRuntime/7.26.5"
::1 - - [08/Oct/2020:22:57:52 +0000] "POST /api/tweets HTTP/1.1" 200 103 "-" "PostmanRuntime/7.26.5"
::1 - - [08/Oct/2020:22:57:55 +0000] "GET /api/tweets HTTP/1.1" 200 78 "-" "PostmanRuntime/7.26.5"
::1 - - [08/Oct/2020:22:57:58 +0000] "GET /api/tweets/0%0A HTTP/1.1" 200 31 "-" "PostmanRuntime/7.26.5"
::1 - - [08/Oct/2020:23:14:10 +0000] "POST /api/tweets HTTP/1.1" 200 103 "-" "PostmanRuntime/7.26.5"
::1 - - [08/Oct/2020:23:14:13 +0000] "POST /api/tweets HTTP/1.1" 200 103 "-" "PostmanRuntime/7.26.5"
::1 - - [08/Oct/2020:23:14:48 +0000] "POST /api/tweets HTTP/1.1" 200 43 "-" "PostmanRuntime/7.26.5"
::1 - - [08/Oct/2020:23:15:04 +0000] "POST /api/tweets HTTP/1.1" 200 102 "-" "PostmanRuntime/7.26.5"
::1 - - [08/Oct/2020:23:15:12 +0000] "GET /api/tweets HTTP/1.1" 200 231 "-" "PostmanRuntime/7.26.5"
::1 - - [08/Oct/2020:23:15:23 +0000] "GET /api/tweets/0%0A HTTP/1.1" 200 31 "-" "PostmanRuntime/7.26.5"
::1 - - [08/Oct/2020:23:16:14 +0000] "POST /api/tweets HTTP/1.1" 200 102 "-" "PostmanRuntime/7.26.5"
::1 - - [08/Oct/2020:23:16:16 +0000] "GET /api/tweets/0%0A HTTP/1.1" 200 31 "-" "PostmanRuntime/7.26.5"
::1 - - [08/Oct/2020:23:16:38 +0000] "POST /api/tweets HTTP/1.1" 200 101 "-" "PostmanRuntime/7.26.5"
::1 - - [08/Oct/2020:23:16:41 +0000] "GET /api/tweets/0%0A HTTP/1.1" 200 31 "-" "PostmanRuntime/7.26.5"
::1 - - [08/Oct/2020:23:18:05 +0000] "POST /api/tweets HTTP/1.1" 200 101 "-" "PostmanRuntime/7.26.5"
::1 - - [08/Oct/2020:23:18:08 +0000] "GET /api/tweets/0%0A HTTP/1.1" 200 31 "-" "PostmanRuntime/7.26.5"
::1 - - [08/Oct/2020:23:19:00 +0000] "POST /api/tweets HTTP/1.1" 200 101 "-" "PostmanRuntime/7.26.5"
::1 - - [08/Oct/2020:23:19:03 +0000] "GET /api/tweets/0 HTTP/1.1" 200 101 "-" "PostmanRuntime/7.26.5"
::1 - - [08/Oct/2020:23:20:13 +0000] "POST /api/tweets HTTP/1.1" 200 103 "-" "PostmanRuntime/7.26.5"
::1 - - [08/Oct/2020:23:20:17 +0000] "POST /api/tweets HTTP/1.1" 200 103 "-" "PostmanRuntime/7.26.5"
::1 - - [08/Oct/2020:23:20:20 +0000] "GET /api/tweets HTTP/1.1" 200 155 "-" "PostmanRuntime/7.26.5"
::1 - - [08/Oct/2020:23:20:27 +0000] "DELETE /api/tweets/0 HTTP/1.1" 500 48 "-" "PostmanRuntime/7.26.5"
::1 - - [08/Oct/2020:23:20:32 +0000] "GET /api/tweets HTTP/1.1" 200 78 "-" "PostmanRuntime/7.26.5"
::1 - - [08/Oct/2020:23:21:26 +0000] "GET /api/tweets HTTP/1.1" 200 2 "-" "PostmanRuntime/7.26.5"
::1 - - [08/Oct/2020:23:21:34 +0000] "POST /api/tweets HTTP/1.1" 200 119 "-" "PostmanRuntime/7.26.5"
::1 - - [08/Oct/2020:23:21:48 +0000] "POST /api/tweets HTTP/1.1" 200 114 "-" "PostmanRuntime/7.26.5"
::1 - - [08/Oct/2020:23:21:51 +0000] "GET /api/tweets HTTP/1.1" 200 182 "-" "PostmanRuntime/7.26.5"
::1 - - [08/Oct/2020:23:21:59 +0000] "DELETE /api/tweets/0 HTTP/1.1" 500 48 "-" "PostmanRuntime/7.26.5"
::1 - - [08/Oct/2020:23:22:03 +0000] "GET /api/tweets HTTP/1.1" 200 89 "-" "PostmanRuntime/7.26.5"
::1 - - [12/Oct/2020:23:11:37 +0000] "POST /api/users HTTP/1.1" 500 1514 "-" "PostmanRuntime/7.26.5"
::1 - - [12/Oct/2020:23:12:15 +0000] "POST /api/users HTTP/1.1" 501 1514 "-" "PostmanRuntime/7.26.5"
::1 - - [12/Oct/2020:23:16:00 +0000] "POST /api/users HTTP/1.1" 501 138 "-" "PostmanRuntime/7.26.5"
::1 - - [12/Oct/2020:23:16:18 +0000] "POST /api/users HTTP/1.1" 501 138 "-" "PostmanRuntime/7.26.5"
::1 - - [12/Oct/2020:23:16:23 +0000] "POST /api/users HTTP/1.1" 501 78 "-" "PostmanRuntime/7.26.5"
::1 - - [12/Oct/2020:23:16:37 +0000] "POST /api/users HTTP/1.1" 501 102 "-" "PostmanRuntime/7.26.5"
::1 - - [12/Oct/2020:23:18:07 +0000] "POST /api/users HTTP/1.1" 501 78 "-" "PostmanRuntime/7.26.5"
::1 - - [12/Oct/2020:23:18:17 +0000] "POST /api/users HTTP/1.1" 200 178 "-" "PostmanRuntime/7.26.5"
::1 - - [12/Oct/2020:23:21:02 +0000] "POST /api/users HTTP/1.1" 500 50 "-" "PostmanRuntime/7.26.5"
::1 - - [12/Oct/2020:23:21:44 +0000] "POST /api/users HTTP/1.1" 501 47 "-" "PostmanRuntime/7.26.5"
::1 - - [12/Oct/2020:23:21:49 +0000] "POST /api/users HTTP/1.1" 501 71 "-" "PostmanRuntime/7.26.5"
::1 - - [12/Oct/2020:23:22:00 +0000] "POST /api/users HTTP/1.1" 501 73 "-" "PostmanRuntime/7.26.5"
::1 - - [12/Oct/2020:23:22:07 +0000] "POST /api/users HTTP/1.1" 501 72 "-" "PostmanRuntime/7.26.5"
::1 - - [13/Oct/2020:00:14:25 +0000] "GET /api/tweets/stream/potus HTTP/1.1" 200 125379 "-" "PostmanRuntime/7.26.5"
::1 - - [13/Oct/2020:00:15:39 +0000] "GET /api/tweets/stream/jefry04 HTTP/1.1" 200 105892 "-" "PostmanRuntime/7.26.5"
::1 - - [13/Oct/2020:00:16:39 +0000] "GET /api/tweets/stream/jefry04 HTTP/1.1" 200 105892 "-" "Mozilla/5.0 (Windows NT 10.0; Win64; x64) AppleWebKit/537.36 (KHTML, like Gecko) Chrome/86.0.4240.75 Safari/537.36 Edg/86.0.622.38"
::1 - - [13/Oct/2020:00:39:02 +0000] "GET /api/tweets/stream/jefry04 HTTP/1.1" 200 105892 "-" "PostmanRuntime/7.26.5"
::1 - - [13/Oct/2020:00:39:17 +0000] "GET /api/tweets/stream/potus HTTP/1.1" 200 125379 "-" "PostmanRuntime/7.26.5"
::1 - - [13/Oct/2020:00:39:23 +0000] "POST /api/users HTTP/1.1" 501 122 "-" "PostmanRuntime/7.26.5"
::1 - - [13/Oct/2020:00:39:35 +0000] "POST /api/users HTTP/1.1" 501 78 "-" "PostmanRuntime/7.26.5"
::1 - - [13/Oct/2020:00:39:41 +0000] "POST /api/users HTTP/1.1" 200 170 "-" "PostmanRuntime/7.26.5"
::1 - - [13/Oct/2020:00:39:45 +0000] "GET /api/users HTTP/1.1" 200 170 "-" "PostmanRuntime/7.26.5"
::1 - - [13/Oct/2020:14:52:50 +0000] "GET /api/tweets/stream/potus HTTP/1.1" 200 127719 "-" "PostmanRuntime/7.26.5"
::1 - - [13/Oct/2020:14:57:28 +0000] "POST /api/users HTTP/1.1" 200 170 "-" "PostmanRuntime/7.26.5"
::1 - - [13/Oct/2020:14:57:31 +0000] "POST /api/users HTTP/1.1" 500 50 "-" "PostmanRuntime/7.26.5"
::1 - - [13/Oct/2020:14:57:41 +0000] "POST /api/tweets HTTP/1.1" 200 115 "-" "PostmanRuntime/7.26.5"
::1 - - [13/Oct/2020:14:57:45 +0000] "GET /api/tweets HTTP/1.1" 200 90 "-" "PostmanRuntime/7.26.5"
::1 - - [17/Oct/2020:02:59:22 +0000] "GET /api/users HTTP/1.1" 200 27 "-" "PostmanRuntime/7.26.5"
::1 - - [17/Oct/2020:02:59:54 +0000] "GET /api/users HTTP/1.1" 200 101 "-" "PostmanRuntime/7.26.5"
::1 - - [18/Oct/2020:15:45:16 +0000] "GET /api/users HTTP/1.1" - - "-" "PostmanRuntime/7.26.5"
::1 - - [18/Oct/2020:15:45:20 +0000] "GET /api/users HTTP/1.1" - - "-" "PostmanRuntime/7.26.5"
::1 - - [18/Oct/2020:15:45:24 +0000] "GET /api/users/jefry02 HTTP/1.1" 200 43 "-" "PostmanRuntime/7.26.5"
::1 - - [18/Oct/2020:15:46:29 +0000] "GET /api/users HTTP/1.1" - - "-" "PostmanRuntime/7.26.5"
::1 - - [18/Oct/2020:15:47:28 +0000] "GET /api/users HTTP/1.1" 200 101 "-" "PostmanRuntime/7.26.5"
::1 - - [18/Oct/2020:15:57:05 +0000] "GET /api/users/jefry04 HTTP/1.1" 200 27 "-" "PostmanRuntime/7.26.5"
::1 - - [18/Oct/2020:15:59:06 +0000] "GET /api/users/jefry04 HTTP/1.1" 200 27 "-" "PostmanRuntime/7.26.5"
::1 - - [18/Oct/2020:15:59:10 +0000] "GET /api/users HTTP/1.1" 200 101 "-" "PostmanRuntime/7.26.5"
::1 - - [18/Oct/2020:15:59:59 +0000] "GET /api/users HTTP/1.1" 200 101 "-" "PostmanRuntime/7.26.5"
::1 - - [18/Oct/2020:16:00:09 +0000] "GET /api/users HTTP/1.1" 200 101 "-" "PostmanRuntime/7.26.5"
::1 - - [18/Oct/2020:16:00:11 +0000] "GET /api/users HTTP/1.1" 200 101 "-" "PostmanRuntime/7.26.5"
::1 - - [18/Oct/2020:16:00:28 +0000] "GET /api/users HTTP/1.1" 200 101 "-" "PostmanRuntime/7.26.5"
::1 - - [18/Oct/2020:16:00:49 +0000] "GET /api/users HTTP/1.1" 200 101 "-" "PostmanRuntime/7.26.5"
::1 - - [18/Oct/2020:16:02:12 +0000] "GET /api/users HTTP/1.1" 200 27 "-" "PostmanRuntime/7.26.5"
::1 - - [18/Oct/2020:16:02:52 +0000] "GET /api/users HTTP/1.1" 200 122 "-" "PostmanRuntime/7.26.5"
::1 - - [18/Oct/2020:16:02:55 +0000] "GET /api/users/jefry04 HTTP/1.1" 200 122 "-" "PostmanRuntime/7.26.5"
::1 - - [18/Oct/2020:16:03:23 +0000] "GET /api/users HTTP/1.1" 200 217 "-" "PostmanRuntime/7.26.5"
::1 - - [18/Oct/2020:16:03:27 +0000] "GET /api/users/jefry04 HTTP/1.1" 200 122 "-" "PostmanRuntime/7.26.5"
::1 - - [18/Oct/2020:16:13:59 +0000] "GET /api/users/jefry04 HTTP/1.1" 200 27 "-" "PostmanRuntime/7.26.5"
::1 - - [18/Oct/2020:16:14:03 +0000] "GET /api/users HTTP/1.1" 200 141 "-" "PostmanRuntime/7.26.5"
::1 - - [18/Oct/2020:16:14:35 +0000] "GET /api/users HTTP/1.1" 200 258 "-" "PostmanRuntime/7.26.5"
::1 - - [18/Oct/2020:16:14:40 +0000] "GET /api/users/jefry04 HTTP/1.1" 200 143 "-" "PostmanRuntime/7.26.5"
::1 - - [18/Oct/2020:16:16:13 +0000] "GET /api/users/jefry04 HTTP/1.1" 500 2428 "-" "PostmanRuntime/7.26.5"
::1 - - [18/Oct/2020:16:16:37 +0000] "GET /api/users/jefry04 HTTP/1.1" 200 101 "-" "PostmanRuntime/7.26.5"
::1 - - [18/Oct/2020:16:16:41 +0000] "GET /api/users HTTP/1.1" 200 258 "-" "PostmanRuntime/7.26.5"
::1 - - [18/Oct/2020:16:17:27 +0000] "GET /api/users HTTP/1.1" 200 175 "-" "PostmanRuntime/7.26.5"
::1 - - [18/Oct/2020:16:32:20 +0000] "GET /api/users HTTP/1.1" 200 175 "-" "PostmanRuntime/7.26.5"
::1 - - [18/Oct/2020:16:32:24 +0000] "GET /api/users/jefry04 HTTP/1.1" 200 101 "-" "PostmanRuntime/7.26.5"
::1 - - [18/Oct/2020:16:32:30 +0000] "POST /api/users HTTP/1.1" 200 81 "-" "PostmanRuntime/7.26.5"
::1 - - [18/Oct/2020:16:32:37 +0000] "POST /api/users HTTP/1.1" 200 211 "-" "PostmanRuntime/7.26.5"
::1 - - [18/Oct/2020:16:33:57 +0000] "POST /api/users HTTP/1.1" 200 81 "-" "PostmanRuntime/7.26.5"
::1 - - [18/Oct/2020:16:34:04 +0000] "POST /api/users HTTP/1.1" 501 78 "-" "PostmanRuntime/7.26.5"
::1 - - [18/Oct/2020:16:34:08 +0000] "POST /api/users HTTP/1.1" 200 211 "-" "PostmanRuntime/7.26.5"
::1 - - [18/Oct/2020:16:34:11 +0000] "GET /api/users HTTP/1.1" 200 325 "-" "PostmanRuntime/7.26.5"
::1 - - [18/Oct/2020:16:50:59 +0000] "GET /api/users HTTP/1.1" 200 325 "-" "PostmanRuntime/7.26.5"
::1 - - [18/Oct/2020:16:51:03 +0000] "GET /api/users/jefry04 HTTP/1.1" 200 101 "-" "PostmanRuntime/7.26.5"
::1 - - [18/Oct/2020:16:52:39 +0000] "POST /api/users HTTP/1.1" 500 2463 "-" "PostmanRuntime/7.26.5"
::1 - - [18/Oct/2020:16:52:48 +0000] "POST /api/users HTTP/1.1" 200 61 "-" "PostmanRuntime/7.26.5"
::1 - - [18/Oct/2020:16:57:53 +0000] "GET /api/users HTTP/1.1" 200 325 "-" "PostmanRuntime/7.26.5"
::1 - - [18/Oct/2020:16:58:45 +0000] "GET /api/users HTTP/1.1" 200 325 "-" "PostmanRuntime/7.26.5"
::1 - - [18/Oct/2020:16:59:03 +0000] "POST /api/users HTTP/1.1" 200 207 "-" "PostmanRuntime/7.26.5"
::1 - - [18/Oct/2020:16:59:10 +0000] "GET /api/users HTTP/1.1" 200 399 "-" "PostmanRuntime/7.26.5"
::1 - - [18/Oct/2020:17:07:39 +0000] "POST /api/users/login HTTP/1.1" 500 2414 "-" "PostmanRuntime/7.26.5"
::1 - - [18/Oct/2020:17:07:55 +0000] "GET /api/users HTTP/1.1" 200 399 "-" "PostmanRuntime/7.26.5"
::1 - - [18/Oct/2020:17:09:36 +0000] "POST /api/users/login HTTP/1.1" 500 2414 "-" "PostmanRuntime/7.26.5"
::1 - - [18/Oct/2020:18:30:20 +0000] "GET /api/users HTTP/1.1" 200 399 "-" "PostmanRuntime/7.26.5"
::1 - - [18/Oct/2020:18:30:28 +0000] "POST /api/users/login HTTP/1.1" 200 47 "-" "PostmanRuntime/7.26.5"
::1 - - [18/Oct/2020:18:30:59 +0000] "POST /api/users/login HTTP/1.1" 200 172 "-" "PostmanRuntime/7.26.5"
::1 - - [18/Oct/2020:18:33:46 +0000] "POST /api/users/login HTTP/1.1" 200 172 "-" "PostmanRuntime/7.26.5"
::1 - - [18/Oct/2020:18:33:50 +0000] "POST /api/users/login HTTP/1.1" 200 47 "-" "PostmanRuntime/7.26.5"
::1 - - [18/Oct/2020:18:33:58 +0000] "POST /api/users/login HTTP/1.1" 200 172 "-" "PostmanRuntime/7.26.5"
::1 - - [18/Oct/2020:18:35:09 +0000] "POST /api/users/login HTTP/1.1" 200 172 "-" "PostmanRuntime/7.26.5"
::1 - - [18/Oct/2020:18:35:32 +0000] "POST /api/users/login HTTP/1.1" 200 172 "-" "PostmanRuntime/7.26.5"
::1 - - [18/Oct/2020:18:57:58 +0000] "GET /api/users HTTP/1.1" 200 399 "-" "PostmanRuntime/7.26.5"
::1 - - [18/Oct/2020:18:58:11 +0000] "PUT /api/users/jefry02 HTTP/1.1" 200 209 "-" "PostmanRuntime/7.26.5"
::1 - - [18/Oct/2020:18:58:23 +0000] "GET /api/users HTTP/1.1" 200 406 "-" "PostmanRuntime/7.26.5"
::1 - - [18/Oct/2020:18:58:53 +0000] "PUT /api/users/jefry02 HTTP/1.1" 200 214 "-" "PostmanRuntime/7.26.5"
::1 - - [18/Oct/2020:18:59:02 +0000] "GET /api/users/jefry02 HTTP/1.1" 200 43 "-" "PostmanRuntime/7.26.5"
::1 - - [18/Oct/2020:18:59:07 +0000] "GET /api/users HTTP/1.1" 200 398 "-" "PostmanRuntime/7.26.5"
::1 - - [20/Oct/2020:01:15:06 +0000] "POST /api/tweets HTTP/1.1" 500 2439 "-" "PostmanRuntime/7.26.5"
::1 - - [20/Oct/2020:01:21:01 +0000] "POST /api/tweets HTTP/1.1" 500 2435 "-" "PostmanRuntime/7.26.5"
::1 - - [20/Oct/2020:01:22:11 +0000] "POST /api/tweets HTTP/1.1" 200 29 "-" "PostmanRuntime/7.26.5"
::1 - - [20/Oct/2020:01:22:50 +0000] "POST /api/tweets HTTP/1.1" 200 29 "-" "PostmanRuntime/7.26.5"
::1 - - [20/Oct/2020:01:24:17 +0000] "POST /api/tweets HTTP/1.1" 200 29 "-" "PostmanRuntime/7.26.5"
::1 - - [20/Oct/2020:01:25:13 +0000] "GET /api/tweets HTTP/1.1" 200 29 "-" "PostmanRuntime/7.26.5"
::1 - - [20/Oct/2020:01:26:53 +0000] "GET /api/tweets HTTP/1.1" 200 29 "-" "PostmanRuntime/7.26.5"
::1 - - [20/Oct/2020:01:27:50 +0000] "GET /api/users HTTP/1.1" 200 398 "-" "PostmanRuntime/7.26.5"
::1 - - [20/Oct/2020:01:31:12 +0000] "GET /api/tweets HTTP/1.1" 200 29 "-" "PostmanRuntime/7.26.5"
::1 - - [20/Oct/2020:01:39:06 +0000] "GET /api/users HTTP/1.1" 200 808 "-" "PostmanRuntime/7.26.5"
::1 - - [20/Oct/2020:01:39:30 +0000] "GET /api/users HTTP/1.1" 200 398 "-" "PostmanRuntime/7.26.5"
::1 - - [20/Oct/2020:01:39:48 +0000] "GET /api/users HTTP/1.1" 200 398 "-" "PostmanRuntime/7.26.5"
::1 - - [20/Oct/2020:01:41:02 +0000] "GET /api/tweets HTTP/1.1" 200 29 "-" "PostmanRuntime/7.26.5"
::1 - - [20/Oct/2020:01:41:15 +0000] "GET /api/tweets HTTP/1.1" 200 27 "-" "PostmanRuntime/7.26.5"
::1 - - [20/Oct/2020:01:41:26 +0000] "GET /api/users HTTP/1.1" 200 398 "-" "PostmanRuntime/7.26.5"
::1 - - [20/Oct/2020:01:42:05 +0000] "GET /api/users HTTP/1.1" 200 398 "-" "PostmanRuntime/7.26.5"
::1 - - [20/Oct/2020:01:42:52 +0000] "GET /api/users HTTP/1.1" 200 27 "-" "PostmanRuntime/7.26.5"
::1 - - [20/Oct/2020:01:43:04 +0000] "GET /api/users HTTP/1.1" 200 398 "-" "PostmanRuntime/7.26.5"
::1 - - [20/Oct/2020:01:43:32 +0000] "GET /api/users HTTP/1.1" 200 398 "-" "PostmanRuntime/7.26.5"
::1 - - [20/Oct/2020:01:51:28 +0000] "GET /api/tweets HTTP/1.1" 200 27 "-" "PostmanRuntime/7.26.5"
::1 - - [20/Oct/2020:01:58:59 +0000] "GET /api/tweets HTTP/1.1" 200 27 "-" "PostmanRuntime/7.26.5"
::1 - - [20/Oct/2020:02:01:42 +0000] "GET /api/tweets HTTP/1.1" 200 109 "-" "PostmanRuntime/7.26.5"
::1 - - [20/Oct/2020:02:07:11 +0000] "POST /api/tweets HTTP/1.1" 500 2416 "-" "PostmanRuntime/7.26.5"
::1 - - [20/Oct/2020:02:07:25 +0000] "POST /api/tweets HTTP/1.1" 200 111 "-" "PostmanRuntime/7.26.5"
::1 - - [20/Oct/2020:02:07:29 +0000] "GET /api/tweets HTTP/1.1" 200 109 "-" "PostmanRuntime/7.26.5"
::1 - - [20/Oct/2020:02:10:50 +0000] "GET /api/tweets/0 HTTP/1.1" 500 2431 "-" "PostmanRuntime/7.26.5"
::1 - - [20/Oct/2020:02:12:37 +0000] "POST /api/tweets HTTP/1.1" 200 352 "-" "PostmanRuntime/7.26.5"
::1 - - [20/Oct/2020:02:15:09 +0000] "POST /api/tweets HTTP/1.1" 200 69 "-" "PostmanRuntime/7.26.5"
::1 - - [20/Oct/2020:02:17:39 +0000] "POST /api/tweets HTTP/1.1" 200 69 "-" "PostmanRuntime/7.26.5"
::1 - - [20/Oct/2020:02:17:51 +0000] "POST /api/tweets HTTP/1.1" 200 69 "-" "PostmanRuntime/7.26.5"
::1 - - [20/Oct/2020:02:20:15 +0000] "POST /api/tweets HTTP/1.1" 200 69 "-" "PostmanRuntime/7.26.5"
::1 - - [20/Oct/2020:02:21:36 +0000] "POST /api/tweets HTTP/1.1" 200 69 "-" "PostmanRuntime/7.26.5"
::1 - - [20/Oct/2020:02:24:10 +0000] "POST /api/tweets HTTP/1.1" 500 2419 "-" "PostmanRuntime/7.26.5"
::1 - - [20/Oct/2020:02:26:28 +0000] "POST /api/tweets HTTP/1.1" - - "-" "PostmanRuntime/7.26.5"
::1 - - [20/Oct/2020:02:31:57 +0000] "POST /api/tweets HTTP/1.1" - - "-" "PostmanRuntime/7.26.5"
::1 - - [20/Oct/2020:02:32:36 +0000] "GET /api/tweets HTTP/1.1" 200 324 "-" "PostmanRuntime/7.26.5"
::1 - - [20/Oct/2020:02:37:39 +0000] "POST /api/tweets HTTP/1.1" 200 69 "-" "PostmanRuntime/7.26.5"
::1 - - [20/Oct/2020:02:43:58 +0000] "POST /api/tweets HTTP/1.1" 200 143 "-" "PostmanRuntime/7.26.5"
::1 - - [20/Oct/2020:02:45:59 +0000] "POST /api/tweets HTTP/1.1" 200 143 "-" "PostmanRuntime/7.26.5"
::1 - - [20/Oct/2020:02:46:14 +0000] "POST /api/tweets HTTP/1.1" 200 143 "-" "PostmanRuntime/7.26.5"
::1 - - [20/Oct/2020:02:47:09 +0000] "POST /api/tweets HTTP/1.1" 200 147 "-" "PostmanRuntime/7.26.5"
::1 - - [20/Oct/2020:02:47:36 +0000] "POST /api/tweets HTTP/1.1" 200 147 "-" "PostmanRuntime/7.26.5"
::1 - - [20/Oct/2020:02:48:28 +0000] "POST /api/tweets HTTP/1.1" 200 147 "-" "PostmanRuntime/7.26.5"
::1 - - [20/Oct/2020:02:49:31 +0000] "POST /api/tweets HTTP/1.1" 200 147 "-" "PostmanRuntime/7.26.5"
::1 - - [20/Oct/2020:02:49:43 +0000] "POST /api/tweets HTTP/1.1" 200 145 "-" "PostmanRuntime/7.26.5"
::1 - - [20/Oct/2020:02:50:00 +0000] "POST /api/tweets HTTP/1.1" 200 145 "-" "PostmanRuntime/7.26.5"
::1 - - [20/Oct/2020:02:52:02 +0000] "POST /api/users HTTP/1.1" 200 61 "-" "PostmanRuntime/7.26.5"
::1 - - [20/Oct/2020:02:52:21 +0000] "POST /api/tweets HTTP/1.1" 200 145 "-" "PostmanRuntime/7.26.5"
::1 - - [20/Oct/2020:02:53:55 +0000] "POST /api/users HTTP/1.1" 200 61 "-" "PostmanRuntime/7.26.5"
::1 - - [20/Oct/2020:02:54:00 +0000] "POST /api/tweets HTTP/1.1" 200 87 "-" "PostmanRuntime/7.26.5"
::1 - - [20/Oct/2020:02:54:49 +0000] "POST /api/tweets HTTP/1.1" 200 69 "-" "PostmanRuntime/7.26.5"
::1 - - [20/Oct/2020:02:55:14 +0000] "POST /api/tweets HTTP/1.1" 200 69 "-" "PostmanRuntime/7.26.5"
::1 - - [20/Oct/2020:02:55:49 +0000] "POST /api/tweets HTTP/1.1" 200 88 "-" "PostmanRuntime/7.26.5"
::1 - - [20/Oct/2020:02:56:11 +0000] "POST /api/tweets HTTP/1.1" 200 85 "-" "PostmanRuntime/7.26.5"
::1 - - [20/Oct/2020:02:56:22 +0000] "GET /api/tweets HTTP/1.1" 200 747 "-" "PostmanRuntime/7.26.5"
::1 - - [20/Oct/2020:02:57:20 +0000] "POST /api/tweets HTTP/1.1" 200 30 "-" "PostmanRuntime/7.26.5"
::1 - - [20/Oct/2020:02:57:31 +0000] "POST /api/tweets HTTP/1.1" 200 86 "-" "PostmanRuntime/7.26.5"
::1 - - [20/Oct/2020:02:58:17 +0000] "POST /api/tweets HTTP/1.1" 200 92 "-" "PostmanRuntime/7.26.5"
::1 - - [20/Oct/2020:02:58:49 +0000] "POST /api/tweets HTTP/1.1" 200 87 "-" "PostmanRuntime/7.26.5"
::1 - - [20/Oct/2020:02:59:36 +0000] "POST /api/tweets HTTP/1.1" 200 86 "-" "PostmanRuntime/7.26.5"
::1 - - [20/Oct/2020:02:59:50 +0000] "GET /api/tweets HTTP/1.1" 200 994 "-" "PostmanRuntime/7.26.5"
::1 - - [20/Oct/2020:03:00:50 +0000] "POST /api/tweets HTTP/1.1" 200 87 "-" "PostmanRuntime/7.26.5"
::1 - - [20/Oct/2020:03:10:09 +0000] "POST /api/tweets HTTP/1.1" 500 2592 "-" "PostmanRuntime/7.26.5"
::1 - - [20/Oct/2020:03:13:08 +0000] "POST /api/tweets HTTP/1.1" 500 2592 "-" "PostmanRuntime/7.26.5"
::1 - - [20/Oct/2020:03:13:10 +0000] "POST /api/tweets HTTP/1.1" 500 2592 "-" "PostmanRuntime/7.26.5"
::1 - - [20/Oct/2020:03:13:24 +0000] "POST /api/tweets HTTP/1.1" 200 86 "-" "PostmanRuntime/7.26.5"
::1 - - [20/Oct/2020:03:13:49 +0000] "POST /api/tweets HTTP/1.1" 500 2438 "-" "PostmanRuntime/7.26.5"
::1 - - [20/Oct/2020:03:14:13 +0000] "POST /api/tweets HTTP/1.1" 200 86 "-" "PostmanRuntime/7.26.5"
::1 - - [20/Oct/2020:03:14:39 +0000] "GET /api/tweets HTTP/1.1" 200 1175 "-" "PostmanRuntime/7.26.5"
::1 - - [20/Oct/2020:03:34:02 +0000] "GET /api/tweets/200 HTTP/1.1" 200 30 "-" "PostmanRuntime/7.26.5"
::1 - - [20/Oct/2020:03:35:17 +0000] "GET /api/tweets/200 HTTP/1.1" 200 30 "-" "PostmanRuntime/7.26.5"
::1 - - [20/Oct/2020:03:35:18 +0000] "GET /api/tweets/200 HTTP/1.1" 200 30 "-" "PostmanRuntime/7.26.5"
::1 - - [20/Oct/2020:03:35:19 +0000] "GET /api/tweets/200 HTTP/1.1" 200 30 "-" "PostmanRuntime/7.26.5"
::1 - - [20/Oct/2020:03:36:10 +0000] "GET /api/tweets/0 HTTP/1.1" 200 30 "-" "PostmanRuntime/7.26.5"
::1 - - [20/Oct/2020:03:37:33 +0000] "GET /api/tweets/0 HTTP/1.1" 200 107 "-" "PostmanRuntime/7.26.5"
::1 - - [20/Oct/2020:03:37:47 +0000] "GET /api/tweets/1 HTTP/1.1" 200 67 "-" "PostmanRuntime/7.26.5"
::1 - - [20/Oct/2020:03:37:51 +0000] "GET /api/tweets/200 HTTP/1.1" 500 59 "-" "PostmanRuntime/7.26.5"
::1 - - [20/Oct/2020:03:42:41 +0000] "GET /api/tweets/20 HTTP/1.1" 200 84 "-" "PostmanRuntime/7.26.5"
::1 - - [20/Oct/2020:03:42:45 +0000] "GET /api/tweets/21 HTTP/1.1" 200 16 "-" "PostmanRuntime/7.26.5"
::1 - - [20/Oct/2020:03:42:56 +0000] "GET /api/tweets/21 HTTP/1.1" 500 59 "-" "PostmanRuntime/7.26.5"
::1 - - [20/Oct/2020:03:43:23 +0000] "DELETE /api/tweets/21 HTTP/1.1" 500 59 "-" "PostmanRuntime/7.26.5"
::1 - - [20/Oct/2020:03:46:57 +0000] "DELETE /api/tweets/20 HTTP/1.1" 200 67 "-" "PostmanRuntime/7.26.5"
::1 - - [20/Oct/2020:03:48:03 +0000] "GET /api/tweets HTTP/1.1" 200 1175 "-" "PostmanRuntime/7.26.5"
::1 - - [20/Oct/2020:03:48:25 +0000] "DELETE /api/tweets/20 HTTP/1.1" 200 67 "-" "PostmanRuntime/7.26.5"
::1 - - [20/Oct/2020:03:53:48 +0000] "DELETE /api/tweets/21 HTTP/1.1" 500 59 "-" "PostmanRuntime/7.26.5"
::1 - - [20/Oct/2020:03:53:51 +0000] "DELETE /api/tweets/20 HTTP/1.1" 200 67 "-" "PostmanRuntime/7.26.5"
::1 - - [20/Oct/2020:03:53:55 +0000] "GET /api/tweets HTTP/1.1" 200 1115 "-" "PostmanRuntime/7.26.5"
::1 - - [20/Oct/2020:03:54:18 +0000] "DELETE /api/tweets/1 HTTP/1.1" 200 67 "-" "PostmanRuntime/7.26.5"
::1 - - [20/Oct/2020:03:54:21 +0000] "DELETE /api/tweets/2 HTTP/1.1" 200 67 "-" "PostmanRuntime/7.26.5"
::1 - - [20/Oct/2020:03:54:23 +0000] "DELETE /api/tweets/3 HTTP/1.1" 200 67 "-" "PostmanRuntime/7.26.5"
::1 - - [20/Oct/2020:03:54:27 +0000] "DELETE /api/tweets/4 HTTP/1.1" 200 67 "-" "PostmanRuntime/7.26.5"
::1 - - [20/Oct/2020:03:54:30 +0000] "DELETE /api/tweets/5 HTTP/1.1" 200 67 "-" "PostmanRuntime/7.26.5"
::1 - - [20/Oct/2020:03:54:34 +0000] "GET /api/tweets HTTP/1.1" 200 874 "-" "PostmanRuntime/7.26.5"
::1 - - [20/Oct/2020:03:54:47 +0000] "DELETE /api/tweets/1 HTTP/1.1" 200 67 "-" "PostmanRuntime/7.26.5"
::1 - - [20/Oct/2020:03:54:48 +0000] "DELETE /api/tweets/1 HTTP/1.1" 200 67 "-" "PostmanRuntime/7.26.5"
::1 - - [20/Oct/2020:03:54:52 +0000] "GET /api/tweets HTTP/1.1" 200 788 "-" "PostmanRuntime/7.26.5"
::1 - - [20/Oct/2020:03:55:02 +0000] "DELETE /api/tweets/2 HTTP/1.1" 200 67 "-" "PostmanRuntime/7.26.5"
::1 - - [20/Oct/2020:03:55:04 +0000] "DELETE /api/tweets/2 HTTP/1.1" 200 67 "-" "PostmanRuntime/7.26.5"
::1 - - [20/Oct/2020:03:55:05 +0000] "DELETE /api/tweets/2 HTTP/1.1" 200 67 "-" "PostmanRuntime/7.26.5"
::1 - - [20/Oct/2020:03:55:07 +0000] "GET /api/tweets HTTP/1.1" 200 659 "-" "PostmanRuntime/7.26.5"
::1 - - [20/Oct/2020:22:52:36 +0000] "GET /api/tweets HTTP/1.1" 200 659 "-" "PostmanRuntime/7.26.5"
::1 - - [20/Oct/2020:22:57:23 +0000] "POST /api/tweets HTTP/1.1" 200 105 "-" "PostmanRuntime/7.26.5"
::1 - - [20/Oct/2020:22:57:27 +0000] "GET /api/tweets HTTP/1.1" 200 738 "-" "PostmanRuntime/7.26.5"
::1 - - [20/Oct/2020:22:57:35 +0000] "POST /api/tweets HTTP/1.1" 200 104 "-" "PostmanRuntime/7.26.5"
::1 - - [20/Oct/2020:22:57:38 +0000] "GET /api/tweets HTTP/1.1" 200 816 "-" "PostmanRuntime/7.26.5"
::1 - - [20/Oct/2020:23:35:13 +0000] "GET /api/tweets HTTP/1.1" 200 816 "-" "PostmanRuntime/7.26.5"
::1 - - [20/Oct/2020:23:49:55 +0000] "POST /api/tweets HTTP/1.1" 200 100 "-" "PostmanRuntime/7.26.5"
::1 - - [20/Oct/2020:23:50:02 +0000] "POST /api/tweets HTTP/1.1" 200 178 "-" "PostmanRuntime/7.26.5"
::1 - - [20/Oct/2020:23:52:34 +0000] "POST /api/users HTTP/1.1" 200 286 "-" "PostmanRuntime/7.26.5"
::1 - - [20/Oct/2020:23:54:45 +0000] "GET /api/tweets HTTP/1.1" 200 27 "-" "PostmanRuntime/7.26.5"
::1 - - [22/Oct/2020:14:37:32 +0000] "GET /api/tweets HTTP/1.1" 200 27 "-" "PostmanRuntime/7.26.5"
::1 - - [22/Oct/2020:14:37:39 +0000] "GET /api/users HTTP/1.1" 200 473 "-" "PostmanRuntime/7.26.5"
::1 - - [22/Oct/2020:14:49:36 +0000] "GET /api/tweets HTTP/1.1" 200 27 "-" "PostmanRuntime/7.26.5"
::1 - - [22/Oct/2020:14:49:44 +0000] "POST /api/tweets HTTP/1.1" 200 177 "-" "PostmanRuntime/7.26.5"
::1 - - [22/Oct/2020:14:49:47 +0000] "GET /api/tweets HTTP/1.1" 200 177 "-" "PostmanRuntime/7.26.5"
::1 - - [25/Oct/2020:23:03:55 +0000] "GET /api/users HTTP/1.1" 200 43 "-" "PostmanRuntime/7.26.5"
::1 - - [25/Oct/2020:23:31:18 +0000] "POST /api/users HTTP/1.1" - - "-" "PostmanRuntime/7.26.5"
::1 - - [25/Oct/2020:23:32:33 +0000] "POST /api/users HTTP/1.1" 200 40 "-" "PostmanRuntime/7.26.5"
::1 - - [25/Oct/2020:23:32:48 +0000] "POST /api/users HTTP/1.1" 200 285 "-" "PostmanRuntime/7.26.5"
::1 - - [26/Oct/2020:00:57:21 +0000] "GET /api/tweets HTTP/1.1" 200 198 "-" "Mozilla/5.0 (Windows NT 10.0; Win64; x64) AppleWebKit/537.36 (KHTML, like Gecko) Chrome/86.0.4240.111 Safari/537.36 Edg/86.0.622.51"
::1 - - [26/Oct/2020:02:51:04 +0000] "GET /api/tweets HTTP/1.1" 304 - "-" "Mozilla/5.0 (Windows NT 10.0; Win64; x64) AppleWebKit/537.36 (KHTML, like Gecko) Chrome/86.0.4240.111 Safari/537.36 Edg/86.0.622.51"
::1 - - [26/Oct/2020:02:51:38 +0000] "GET /api/tweets HTTP/1.1" 304 - "http://localhost:3000/" "Mozilla/5.0 (Windows NT 10.0; Win64; x64) AppleWebKit/537.36 (KHTML, like Gecko) Chrome/86.0.4240.111 Safari/537.36 Edg/86.0.622.51"
::1 - - [26/Oct/2020:02:51:43 +0000] "GET /api/tweets HTTP/1.1" 304 - "-" "Mozilla/5.0 (Windows NT 10.0; Win64; x64) AppleWebKit/537.36 (KHTML, like Gecko) Chrome/86.0.4240.111 Safari/537.36 Edg/86.0.622.51"
::1 - - [26/Oct/2020:02:51:59 +0000] "GET /api/tweets HTTP/1.1" 200 198 "-" "PostmanRuntime/7.26.5"
::1 - - [26/Oct/2020:02:54:43 +0000] "GET /api/tweets HTTP/1.1" 304 - "-" "Mozilla/5.0 (Windows NT 10.0; Win64; x64) AppleWebKit/537.36 (KHTML, like Gecko) Chrome/86.0.4240.111 Safari/537.36 Edg/86.0.622.51"
::1 - - [26/Oct/2020:02:54:46 +0000] "GET /api/tweets HTTP/1.1" 304 - "http://localhost:3000/" "Mozilla/5.0 (Windows NT 10.0; Win64; x64) AppleWebKit/537.36 (KHTML, like Gecko) Chrome/86.0.4240.111 Safari/537.36 Edg/86.0.622.51"
::1 - - [26/Oct/2020:02:56:42 +0000] "GET /api/tweets HTTP/1.1" 304 - "http://localhost:3000/" "Mozilla/5.0 (Windows NT 10.0; Win64; x64) AppleWebKit/537.36 (KHTML, like Gecko) Chrome/86.0.4240.111 Safari/537.36 Edg/86.0.622.51"
::1 - - [26/Oct/2020:02:58:36 +0000] "GET /api/tweets HTTP/1.1" 304 - "-" "Mozilla/5.0 (Windows NT 10.0; Win64; x64) AppleWebKit/537.36 (KHTML, like Gecko) Chrome/86.0.4240.111 Safari/537.36 Edg/86.0.622.51"
::1 - - [26/Oct/2020:02:59:02 +0000] "POST /api/tweets HTTP/1.1" 200 184 "-" "PostmanRuntime/7.26.5"
::1 - - [26/Oct/2020:02:59:07 +0000] "GET /api/tweets HTTP/1.1" 200 309 "-" "Mozilla/5.0 (Windows NT 10.0; Win64; x64) AppleWebKit/537.36 (KHTML, like Gecko) Chrome/86.0.4240.111 Safari/537.36 Edg/86.0.622.51"
::1 - - [26/Oct/2020:03:02:59 +0000] "GET /api/tweets HTTP/1.1" 304 - "http://localhost:3000/" "Mozilla/5.0 (Windows NT 10.0; Win64; x64) AppleWebKit/537.36 (KHTML, like Gecko) Chrome/86.0.4240.111 Safari/537.36 Edg/86.0.622.51"
::1 - - [26/Oct/2020:03:13:29 +0000] "GET /api/tweets HTTP/1.1" 304 - "http://localhost:3000/" "Mozilla/5.0 (Windows NT 10.0; Win64; x64) AppleWebKit/537.36 (KHTML, like Gecko) Chrome/86.0.4240.111 Safari/537.36 Edg/86.0.622.51"
::1 - - [26/Oct/2020:03:16:54 +0000] "GET /api/tweets HTTP/1.1" 304 - "http://localhost:3000/" "Mozilla/5.0 (Windows NT 10.0; Win64; x64) AppleWebKit/537.36 (KHTML, like Gecko) Chrome/86.0.4240.111 Safari/537.36 Edg/86.0.622.51"
::1 - - [26/Oct/2020:03:18:22 +0000] "GET /api/tweets HTTP/1.1" 304 - "http://localhost:3000/" "Mozilla/5.0 (Windows NT 10.0; Win64; x64) AppleWebKit/537.36 (KHTML, like Gecko) Chrome/86.0.4240.111 Safari/537.36 Edg/86.0.622.51"
::1 - - [26/Oct/2020:03:19:43 +0000] "GET /api/tweets HTTP/1.1" 304 - "http://localhost:3000/" "Mozilla/5.0 (Windows NT 10.0; Win64; x64) AppleWebKit/537.36 (KHTML, like Gecko) Chrome/86.0.4240.111 Safari/537.36 Edg/86.0.622.51"
::1 - - [26/Oct/2020:03:20:48 +0000] "GET /api/tweets HTTP/1.1" 304 - "http://localhost:3000/" "Mozilla/5.0 (Windows NT 10.0; Win64; x64) AppleWebKit/537.36 (KHTML, like Gecko) Chrome/86.0.4240.111 Safari/537.36 Edg/86.0.622.51"
::1 - - [26/Oct/2020:03:23:11 +0000] "GET /api/tweets HTTP/1.1" 304 - "http://localhost:3000/" "Mozilla/5.0 (Windows NT 10.0; Win64; x64) AppleWebKit/537.36 (KHTML, like Gecko) Chrome/86.0.4240.111 Safari/537.36 Edg/86.0.622.51"
::1 - - [26/Oct/2020:03:26:46 +0000] "GET /api/tweets HTTP/1.1" 304 - "http://localhost:3000/" "Mozilla/5.0 (Windows NT 10.0; Win64; x64) AppleWebKit/537.36 (KHTML, like Gecko) Chrome/86.0.4240.111 Safari/537.36 Edg/86.0.622.51"
::1 - - [26/Oct/2020:03:30:41 +0000] "GET /api/tweets HTTP/1.1" 304 - "http://localhost:3000/" "Mozilla/5.0 (Windows NT 10.0; Win64; x64) AppleWebKit/537.36 (KHTML, like Gecko) Chrome/86.0.4240.111 Safari/537.36 Edg/86.0.622.51"
::1 - - [26/Oct/2020:03:31:40 +0000] "GET /api/tweets HTTP/1.1" 304 - "http://localhost:3000/" "Mozilla/5.0 (Windows NT 10.0; Win64; x64) AppleWebKit/537.36 (KHTML, like Gecko) Chrome/86.0.4240.111 Safari/537.36 Edg/86.0.622.51"
::1 - - [26/Oct/2020:03:32:59 +0000] "GET /api/tweets HTTP/1.1" 200 309 "-" "PostmanRuntime/7.26.5"
::1 - - [26/Oct/2020:03:57:57 +0000] "GET /api/tweets HTTP/1.1" 304 - "http://localhost:3000/" "Mozilla/5.0 (Windows NT 10.0; Win64; x64) AppleWebKit/537.36 (KHTML, like Gecko) Chrome/86.0.4240.111 Safari/537.36 Edg/86.0.622.51"
::1 - - [26/Oct/2020:03:58:17 +0000] "GET /api/tweets HTTP/1.1" 304 - "http://localhost:3000/" "Mozilla/5.0 (Windows NT 10.0; Win64; x64) AppleWebKit/537.36 (KHTML, like Gecko) Chrome/86.0.4240.111 Safari/537.36 Edg/86.0.622.51"
::1 - - [26/Oct/2020:04:02:26 +0000] "GET /api/users HTTP/1.1" 200 43 "-" "Mozilla/5.0 (Windows NT 10.0; Win64; x64) AppleWebKit/537.36 (KHTML, like Gecko) Chrome/86.0.4240.111 Safari/537.36 Edg/86.0.622.51"
::1 - - [26/Oct/2020:04:04:12 +0000] "GET /api/users HTTP/1.1" 200 547 "-" "Mozilla/5.0 (Windows NT 10.0; Win64; x64) AppleWebKit/537.36 (KHTML, like Gecko) Chrome/86.0.4240.111 Safari/537.36 Edg/86.0.622.51"
::1 - - [26/Oct/2020:04:04:49 +0000] "GET /api/tweets HTTP/1.1" 304 - "http://localhost:3000/" "Mozilla/5.0 (Windows NT 10.0; Win64; x64) AppleWebKit/537.36 (KHTML, like Gecko) Chrome/86.0.4240.111 Safari/537.36 Edg/86.0.622.51"
::1 - - [26/Oct/2020:04:04:55 +0000] "GET /api/users HTTP/1.1" 200 43 "-" "Mozilla/5.0 (Windows NT 10.0; Win64; x64) AppleWebKit/537.36 (KHTML, like Gecko) Chrome/86.0.4240.111 Safari/537.36 Edg/86.0.622.51"
::1 - - [26/Oct/2020:04:05:19 +0000] "GET /api/users HTTP/1.1" 200 547 "-" "Mozilla/5.0 (Windows NT 10.0; Win64; x64) AppleWebKit/537.36 (KHTML, like Gecko) Chrome/86.0.4240.111 Safari/537.36 Edg/86.0.622.51"
::1 - - [26/Oct/2020:04:05:47 +0000] "GET /api/users HTTP/1.1" 200 43 "-" "Mozilla/5.0 (Windows NT 10.0; Win64; x64) AppleWebKit/537.36 (KHTML, like Gecko) Chrome/86.0.4240.111 Safari/537.36 Edg/86.0.622.51"
::1 - - [26/Oct/2020:04:13:11 +0000] "POST /api/users HTTP/1.1" 200 285 "-" "PostmanRuntime/7.26.5"
::1 - - [26/Oct/2020:04:13:33 +0000] "POST /api/users/login HTTP/1.1" 200 210 "-" "PostmanRuntime/7.26.5"
::1 - - [26/Oct/2020:04:14:02 +0000] "POST /api/tweets HTTP/1.1" 200 229 "-" "PostmanRuntime/7.26.5"
::1 - - [26/Oct/2020:04:14:10 +0000] "GET /api/tweets HTTP/1.1" 200 512 "-" "PostmanRuntime/7.26.5"
::1 - - [26/Oct/2020:04:14:19 +0000] "GET /api/tweets HTTP/1.1" 200 512 "-" "Mozilla/5.0 (Windows NT 10.0; Win64; x64) AppleWebKit/537.36 (KHTML, like Gecko) Chrome/86.0.4240.111 Safari/537.36 Edg/86.0.622.51"
::1 - - [26/Oct/2020:04:14:23 +0000] "GET /api/tweets HTTP/1.1" 304 - "http://localhost:3000/" "Mozilla/5.0 (Windows NT 10.0; Win64; x64) AppleWebKit/537.36 (KHTML, like Gecko) Chrome/86.0.4240.111 Safari/537.36 Edg/86.0.622.51"
::1 - - [26/Oct/2020:04:15:35 +0000] "DELETE /api/tweets/0 HTTP/1.1" 404 154 "-" "PostmanRuntime/7.26.5"
::1 - - [26/Oct/2020:04:15:44 +0000] "DELETE /api/tweets/1 HTTP/1.1" 404 154 "-" "PostmanRuntime/7.26.5"
::1 - - [26/Oct/2020:04:16:25 +0000] "GET /api/tweets HTTP/1.1" 200 81 "-" "PostmanRuntime/7.26.5"
::1 - - [26/Oct/2020:04:16:31 +0000] "GET /api/tweets HTTP/1.1" 200 81 "-" "Mozilla/5.0 (Windows NT 10.0; Win64; x64) AppleWebKit/537.36 (KHTML, like Gecko) Chrome/86.0.4240.111 Safari/537.36 Edg/86.0.622.51"
::1 - - [26/Oct/2020:04:16:35 +0000] "GET /api/tweets HTTP/1.1" 304 - "http://localhost:3000/" "Mozilla/5.0 (Windows NT 10.0; Win64; x64) AppleWebKit/537.36 (KHTML, like Gecko) Chrome/86.0.4240.111 Safari/537.36 Edg/86.0.622.51"
::1 - - [26/Oct/2020:04:16:53 +0000] "POST /api/tweets HTTP/1.1" 200 231 "-" "PostmanRuntime/7.26.5"
::1 - - [26/Oct/2020:04:16:57 +0000] "GET /api/tweets HTTP/1.1" 200 285 "-" "PostmanRuntime/7.26.5"
::1 - - [26/Oct/2020:04:17:02 +0000] "GET /api/tweets HTTP/1.1" 200 285 "http://localhost:3000/" "Mozilla/5.0 (Windows NT 10.0; Win64; x64) AppleWebKit/537.36 (KHTML, like Gecko) Chrome/86.0.4240.111 Safari/537.36 Edg/86.0.622.51"
::1 - - [27/Oct/2020:23:36:39 +0000] "GET /api/tweets HTTP/1.1" 304 - "http://localhost:3000/" "Mozilla/5.0 (Windows NT 10.0; Win64; x64) AppleWebKit/537.36 (KHTML, like Gecko) Chrome/86.0.4240.111 Safari/537.36 Edg/86.0.622.51"
